app/build/intermediates/manifest_merge_blame_file/debug/manifest-merger-blame-debug-report.txt
1<?xml version="1.0" encoding="utf-8"?>
2<!--
3 Copyright 2019 The TensorFlow Authors. All Rights Reserved.
4
5 Licensed under the Apache License, Version 2.0 (the "License");
6 you may not use this file except in compliance with the License.
7 You may obtain a copy of the License at
8
9     http://www.apache.org/licenses/LICENSE-2.0
10
11 Unless required by applicable law or agreed to in writing, software
12 distributed under the License is distributed on an "AS IS" BASIS,
13 WITHOUT WARRANTIES OR CONDITIONS OF ANY KIND, either express or implied.
14 See the License for the specific language governing permissions and
15 limitations under the License.
16-->
17<manifest xmlns:android="http://schemas.android.com/apk/res/android"
18    package="org.tensorflow.lite.examples.imagesegmentation"
19    android:versionCode="1"
20    android:versionName="1.0" >
21
22    <uses-sdk
22-->src/main/AndroidManifest.xml:21:3-15
23        android:minSdkVersion="21"
23-->src/main/AndroidManifest.xml:21:3-15
24        android:targetSdkVersion="29" />
24-->src/main/AndroidManifest.xml:21:3-15
25
26    <uses-permission android:name="android.permission.CAMERA" />
26-->src/main/AndroidManifest.xml:22:3-63
26-->src/main/AndroidManifest.xml:22:20-60
27
28    <uses-feature android:name="android.hardware.camera.any" />
28-->src/main/AndroidManifest.xml:23:3-62
28-->src/main/AndroidManifest.xml:23:17-59
29
30    <application
30-->src/main/AndroidManifest.xml:24:3-41:17
31        android:allowBackup="true"
31-->src/main/AndroidManifest.xml:25:7-33
32        android:appComponentFactory="androidx.core.app.CoreComponentFactory"
32-->[androidx.core:core:1.1.0] AndroidManifest.xml:24:18-86
33        android:debuggable="true"
34        android:icon="@mipmap/ic_launcher"
34-->src/main/AndroidManifest.xml:26:7-41
35        android:label="@string/tfe_is_app_name"
35-->src/main/AndroidManifest.xml:27:7-46
36        android:roundIcon="@mipmap/ic_launcher"
36-->src/main/AndroidManifest.xml:28:7-46
37        android:supportsRtl="true"
37-->src/main/AndroidManifest.xml:29:7-33
38        android:testOnly="true"
39        android:theme="@style/AppTheme.ImageSegmentation" >
39-->src/main/AndroidManifest.xml:30:7-56
40        <activity
40-->src/main/AndroidManifest.xml:32:9-40:20
41            android:name="org.tensorflow.lite.examples.imagesegmentation.MainActivity"
41-->src/main/AndroidManifest.xml:33:13-41
42            android:exported="true"
42-->src/main/AndroidManifest.xml:35:13-36
43            android:screenOrientation="portrait" >
43-->src/main/AndroidManifest.xml:34:13-49
44            <intent-filter>
44-->src/main/AndroidManifest.xml:36:13-39:29
45                <action android:name="android.intent.action.MAIN" />
45-->src/main/AndroidManifest.xml:37:17-69
45-->src/main/AndroidManifest.xml:37:25-66
46
47                <category android:name="android.intent.category.LAUNCHER" />
47-->src/main/AndroidManifest.xml:38:17-77
47-->src/main/AndroidManifest.xml:38:27-74
48            </intent-filter>
49        </activity>
50
51        <provider
51-->[androidx.lifecycle:lifecycle-process:2.1.0] AndroidManifest.xml:23:9-27:43
52            android:name="androidx.lifecycle.ProcessLifecycleOwnerInitializer"
52-->[androidx.lifecycle:lifecycle-process:2.1.0] AndroidManifest.xml:24:13-79
53            android:authorities="org.tensorflow.lite.examples.imagesegmentation.lifecycle-process"
53-->[androidx.lifecycle:lifecycle-process:2.1.0] AndroidManifest.xml:25:13-69
54            android:exported="false"
54-->[androidx.lifecycle:lifecycle-process:2.1.0] AndroidManifest.xml:26:13-37
55            android:multiprocess="true" />
55-->[androidx.lifecycle:lifecycle-process:2.1.0] AndroidManifest.xml:27:13-40
56    </application>
57
58</manifest>